This is pdfTeX, Version 3.14159265-2.6-1.40.19 (TeX Live 2018/Arch Linux) (preloaded format=pdflatex 2019.4.2)  19 MAY 2019 10:46
entering extended mode
 restricted \write18 enabled.
 %&-line parsing enabled.
**report.tex
(./report.tex
LaTeX2e <2018-12-01>
(/usr/share/texmf-dist/tex/latex/base/article.cls
Document Class: article 2018/09/03 v1.4i Standard LaTeX document class
(/usr/share/texmf-dist/tex/latex/base/size10.clo
File: size10.clo 2018/09/03 v1.4i Standard LaTeX file (size option)
)
\c@part=\count80
\c@section=\count81
\c@subsection=\count82
\c@subsubsection=\count83
\c@paragraph=\count84
\c@subparagraph=\count85
\c@figure=\count86
\c@table=\count87
\abovecaptionskip=\skip41
\belowcaptionskip=\skip42
\bibindent=\dimen102
) (./arxiv.sty
(/usr/share/texmf-dist/tex/latex/geometry/geometry.sty
Package: geometry 2018/04/16 v5.8 Page Geometry

(/usr/share/texmf-dist/tex/latex/graphics/keyval.sty
Package: keyval 2014/10/28 v1.15 key=value parser (DPC)
\KV@toks@=\toks14
)
(/usr/share/texmf-dist/tex/generic/oberdiek/ifpdf.sty
Package: ifpdf 2018/09/07 v3.3 Provides the ifpdf switch
)
(/usr/share/texmf-dist/tex/generic/oberdiek/ifvtex.sty
Package: ifvtex 2016/05/16 v1.6 Detect VTeX and its facilities (HO)
Package ifvtex Info: VTeX not detected.
)
(/usr/share/texmf-dist/tex/generic/ifxetex/ifxetex.sty
Package: ifxetex 2010/09/12 v0.6 Provides ifxetex conditional
)
\Gm@cnth=\count88
\Gm@cntv=\count89
\c@Gm@tempcnt=\count90
\Gm@bindingoffset=\dimen103
\Gm@wd@mp=\dimen104
\Gm@odd@mp=\dimen105
\Gm@even@mp=\dimen106
\Gm@layoutwidth=\dimen107
\Gm@layoutheight=\dimen108
\Gm@layouthoffset=\dimen109
\Gm@layoutvoffset=\dimen110
\Gm@dimlist=\toks15
)
(/usr/share/texmf-dist/tex/latex/fancyhdr/fancyhdr.sty
Package: fancyhdr 2019/01/31 v3.10 Extensive control of page headers and footer
s
\f@nch@headwidth=\skip43
\f@nch@O@elh=\skip44
\f@nch@O@erh=\skip45
\f@nch@O@olh=\skip46
\f@nch@O@orh=\skip47
\f@nch@O@elf=\skip48
\f@nch@O@erf=\skip49
\f@nch@O@olf=\skip50
\f@nch@O@orf=\skip51
)
\@abovecaptionskip=\skip52
\@belowcaptionskip=\skip53
)
(/usr/share/texmf-dist/tex/latex/base/inputenc.sty
Package: inputenc 2018/08/11 v1.3c Input encoding file
\inpenc@prehook=\toks16
\inpenc@posthook=\toks17
)
(/usr/share/texmf-dist/tex/latex/base/fontenc.sty
Package: fontenc 2018/08/11 v2.0j Standard LaTeX package

(/usr/share/texmf-dist/tex/latex/base/t1enc.def
File: t1enc.def 2018/08/11 v2.0j Standard LaTeX file
LaTeX Font Info:    Redeclaring font encoding T1 on input line 48.
))
(/usr/share/texmf-dist/tex/latex/hyperref/hyperref.sty
Package: hyperref 2018/11/30 v6.88e Hypertext links for LaTeX

(/usr/share/texmf-dist/tex/generic/oberdiek/hobsub-hyperref.sty
Package: hobsub-hyperref 2016/05/16 v1.14 Bundle oberdiek, subset hyperref (HO)


(/usr/share/texmf-dist/tex/generic/oberdiek/hobsub-generic.sty
Package: hobsub-generic 2016/05/16 v1.14 Bundle oberdiek, subset generic (HO)
Package: hobsub 2016/05/16 v1.14 Construct package bundles (HO)
Package: infwarerr 2016/05/16 v1.4 Providing info/warning/error messages (HO)
Package: ltxcmds 2016/05/16 v1.23 LaTeX kernel commands for general use (HO)
Package: ifluatex 2016/05/16 v1.4 Provides the ifluatex switch (HO)
Package ifluatex Info: LuaTeX not detected.
Package hobsub Info: Skipping package `ifvtex' (already loaded).
Package: intcalc 2016/05/16 v1.2 Expandable calculations with integers (HO)
Package hobsub Info: Skipping package `ifpdf' (already loaded).
Package: etexcmds 2016/05/16 v1.6 Avoid name clashes with e-TeX commands (HO)
Package etexcmds Info: Could not find \expanded.
(etexcmds)             That can mean that you are not using pdfTeX 1.50 or
(etexcmds)             that some package has redefined \expanded.
(etexcmds)             In the latter case, load this package earlier.
Package: kvsetkeys 2016/05/16 v1.17 Key value parser (HO)
Package: kvdefinekeys 2016/05/16 v1.4 Define keys (HO)
Package: pdftexcmds 2018/09/10 v0.29 Utility functions of pdfTeX for LuaTeX (HO
)
Package pdftexcmds Info: LuaTeX not detected.
Package pdftexcmds Info: \pdf@primitive is available.
Package pdftexcmds Info: \pdf@ifprimitive is available.
Package pdftexcmds Info: \pdfdraftmode found.
Package: pdfescape 2016/05/16 v1.14 Implements pdfTeX's escape features (HO)
Package: bigintcalc 2016/05/16 v1.4 Expandable calculations on big integers (HO
)
Package: bitset 2016/05/16 v1.2 Handle bit-vector datatype (HO)
Package: uniquecounter 2016/05/16 v1.3 Provide unlimited unique counter (HO)
)
Package hobsub Info: Skipping package `hobsub' (already loaded).
Package: letltxmacro 2016/05/16 v1.5 Let assignment for LaTeX macros (HO)
Package: hopatch 2016/05/16 v1.3 Wrapper for package hooks (HO)
Package: xcolor-patch 2016/05/16 xcolor patch
Package: atveryend 2016/05/16 v1.9 Hooks at the very end of document (HO)
Package atveryend Info: \enddocument detected (standard20110627).
Package: atbegshi 2016/06/09 v1.18 At begin shipout hook (HO)
Package: refcount 2016/05/16 v3.5 Data extraction from label references (HO)
Package: hycolor 2016/05/16 v1.8 Color options for hyperref/bookmark (HO)
)
(/usr/share/texmf-dist/tex/latex/oberdiek/auxhook.sty
Package: auxhook 2016/05/16 v1.4 Hooks for auxiliary files (HO)
)
(/usr/share/texmf-dist/tex/latex/oberdiek/kvoptions.sty
Package: kvoptions 2016/05/16 v3.12 Key value format for package options (HO)
)
\@linkdim=\dimen111
\Hy@linkcounter=\count91
\Hy@pagecounter=\count92

(/usr/share/texmf-dist/tex/latex/hyperref/pd1enc.def
File: pd1enc.def 2018/11/30 v6.88e Hyperref: PDFDocEncoding definition (HO)
Now handling font encoding PD1 ...
... no UTF-8 mapping file for font encoding PD1
)
\Hy@SavedSpaceFactor=\count93

(/usr/share/texmf-dist/tex/latex/latexconfig/hyperref.cfg
File: hyperref.cfg 2002/06/06 v1.2 hyperref configuration of TeXLive
)
Package hyperref Info: Hyper figures OFF on input line 4519.
Package hyperref Info: Link nesting OFF on input line 4524.
Package hyperref Info: Hyper index ON on input line 4527.
Package hyperref Info: Plain pages OFF on input line 4534.
Package hyperref Info: Backreferencing OFF on input line 4539.
Package hyperref Info: Implicit mode ON; LaTeX internals redefined.
Package hyperref Info: Bookmarks ON on input line 4772.
\c@Hy@tempcnt=\count94

(/usr/share/texmf-dist/tex/latex/url/url.sty
\Urlmuskip=\muskip10
Package: url 2013/09/16  ver 3.4  Verb mode for urls, etc.
)
LaTeX Info: Redefining \url on input line 5125.
\XeTeXLinkMargin=\dimen112
\Fld@menulength=\count95
\Field@Width=\dimen113
\Fld@charsize=\dimen114
Package hyperref Info: Hyper figures OFF on input line 6380.
Package hyperref Info: Link nesting OFF on input line 6385.
Package hyperref Info: Hyper index ON on input line 6388.
Package hyperref Info: backreferencing OFF on input line 6395.
Package hyperref Info: Link coloring OFF on input line 6400.
Package hyperref Info: Link coloring with OCG OFF on input line 6405.
Package hyperref Info: PDF/A mode OFF on input line 6410.
LaTeX Info: Redefining \ref on input line 6450.
LaTeX Info: Redefining \pageref on input line 6454.
\Hy@abspage=\count96
\c@Item=\count97
\c@Hfootnote=\count98
)
Package hyperref Info: Driver (autodetected): hpdftex.

(/usr/share/texmf-dist/tex/latex/hyperref/hpdftex.def
File: hpdftex.def 2018/11/30 v6.88e Hyperref driver for pdfTeX
\Fld@listcount=\count99
\c@bookmark@seq@number=\count100

(/usr/share/texmf-dist/tex/latex/oberdiek/rerunfilecheck.sty
Package: rerunfilecheck 2016/05/16 v1.8 Rerun checks for auxiliary files (HO)
Package uniquecounter Info: New unique counter `rerunfilecheck' on input line 2
82.
)
\Hy@SectionHShift=\skip54
)
(/usr/share/texmf-dist/tex/latex/booktabs/booktabs.sty
Package: booktabs 2016/04/27 v1.618033 publication quality tables
\heavyrulewidth=\dimen115
\lightrulewidth=\dimen116
\cmidrulewidth=\dimen117
\belowrulesep=\dimen118
\belowbottomsep=\dimen119
\aboverulesep=\dimen120
\abovetopsep=\dimen121
\cmidrulesep=\dimen122
\cmidrulekern=\dimen123
\defaultaddspace=\dimen124
\@cmidla=\count101
\@cmidlb=\count102
\@aboverulesep=\dimen125
\@belowrulesep=\dimen126
\@thisruleclass=\count103
\@lastruleclass=\count104
\@thisrulewidth=\dimen127
)
(/usr/share/texmf-dist/tex/latex/amsfonts/amsfonts.sty
Package: amsfonts 2013/01/14 v3.01 Basic AMSFonts support
\@emptytoks=\toks18
\symAMSa=\mathgroup4
\symAMSb=\mathgroup5
LaTeX Font Info:    Overwriting math alphabet `\mathfrak' in version `bold'
(Font)                  U/euf/m/n --> U/euf/b/n on input line 106.
)
(/usr/share/texmf-dist/tex/latex/units/nicefrac.sty
Package: nicefrac 1998/08/04 v0.9b Nice fractions
\L@UnitsRaiseDisplaystyle=\skip55
\L@UnitsRaiseTextstyle=\skip56
\L@UnitsRaiseScriptstyle=\skip57

(/usr/share/texmf-dist/tex/latex/base/ifthen.sty
Package: ifthen 2014/09/29 v1.1c Standard LaTeX ifthen package (DPC)
))
(/usr/share/texmf-dist/tex/latex/microtype/microtype.sty
Package: microtype 2018/01/14 v2.7a Micro-typographical refinements (RS)
\MT@toks=\toks19
\MT@count=\count105
LaTeX Info: Redefining \textls on input line 793.
\MT@outer@kern=\dimen128
LaTeX Info: Redefining \textmicrotypecontext on input line 1339.
\MT@listname@count=\count106

(/usr/share/texmf-dist/tex/latex/microtype/microtype-pdftex.def
File: microtype-pdftex.def 2018/01/14 v2.7a Definitions specific to pdftex (RS)

LaTeX Info: Redefining \lsstyle on input line 913.
LaTeX Info: Redefining \lslig on input line 913.
\MT@outer@space=\skip58
)
Package microtype Info: Loading configuration file microtype.cfg.

(/usr/share/texmf-dist/tex/latex/microtype/microtype.cfg
File: microtype.cfg 2018/01/14 v2.7a microtype main configuration file (RS)
))
(/usr/share/texmf-dist/tex/latex/lipsum/lipsum.sty
(/usr/share/texmf-dist/tex/latex/l3kernel/expl3.sty
Package: expl3 2019-02-15 L3 programming layer (loader) 

(/usr/share/texmf-dist/tex/latex/l3kernel/expl3-code.tex
Package: expl3 2019-02-15 L3 programming layer (code)
\c_max_int=\count107
\l_tmpa_int=\count108
\l_tmpb_int=\count109
\g_tmpa_int=\count110
\g_tmpb_int=\count111
\g__kernel_prg_map_int=\count112
\c_log_iow=\count113
\l_iow_line_count_int=\count114
\l__iow_line_target_int=\count115
\l__iow_one_indent_int=\count116
\l__iow_indent_int=\count117
\c_zero_dim=\dimen129
\c_max_dim=\dimen130
\l_tmpa_dim=\dimen131
\l_tmpb_dim=\dimen132
\g_tmpa_dim=\dimen133
\g_tmpb_dim=\dimen134
\c_zero_skip=\skip59
\c_max_skip=\skip60
\l_tmpa_skip=\skip61
\l_tmpb_skip=\skip62
\g_tmpa_skip=\skip63
\g_tmpb_skip=\skip64
\c_zero_muskip=\muskip11
\c_max_muskip=\muskip12
\l_tmpa_muskip=\muskip13
\l_tmpb_muskip=\muskip14
\g_tmpa_muskip=\muskip15
\g_tmpb_muskip=\muskip16
\l_keys_choice_int=\count118
\l__intarray_loop_int=\count119
\c__intarray_sp_dim=\dimen135
\g__intarray_font_int=\count120
\c__fp_leading_shift_int=\count121
\c__fp_middle_shift_int=\count122
\c__fp_trailing_shift_int=\count123
\c__fp_big_leading_shift_int=\count124
\c__fp_big_middle_shift_int=\count125
\c__fp_big_trailing_shift_int=\count126
\c__fp_Bigg_leading_shift_int=\count127
\c__fp_Bigg_middle_shift_int=\count128
\c__fp_Bigg_trailing_shift_int=\count129
\c__kernel_randint_max_int=\count130
\g__fp_array_int=\count131
\l__fp_array_loop_int=\count132
\l__sort_length_int=\count133
\l__sort_min_int=\count134
\l__sort_top_int=\count135
\l__sort_max_int=\count136
\l__sort_true_max_int=\count137
\l__sort_block_int=\count138
\l__sort_begin_int=\count139
\l__sort_end_int=\count140
\l__sort_A_int=\count141
\l__sort_B_int=\count142
\l__sort_C_int=\count143
\l__tl_analysis_normal_int=\count144
\l__tl_analysis_index_int=\count145
\l__tl_analysis_nesting_int=\count146
\l__tl_analysis_type_int=\count147
\l__regex_internal_a_int=\count148
\l__regex_internal_b_int=\count149
\l__regex_internal_c_int=\count150
\l__regex_balance_int=\count151
\l__regex_group_level_int=\count152
\l__regex_mode_int=\count153
\c__regex_cs_in_class_mode_int=\count154
\c__regex_cs_mode_int=\count155
\l__regex_catcodes_int=\count156
\l__regex_default_catcodes_int=\count157
\c__regex_catcode_D_int=\count158
\c__regex_catcode_S_int=\count159
\c__regex_catcode_L_int=\count160
\c__regex_catcode_O_int=\count161
\c__regex_catcode_A_int=\count162
\c__regex_all_catcodes_int=\count163
\l__regex_show_lines_int=\count164
\l__regex_min_state_int=\count165
\l__regex_max_state_int=\count166
\l__regex_left_state_int=\count167
\l__regex_right_state_int=\count168
\l__regex_capturing_group_int=\count169
\l__regex_min_pos_int=\count170
\l__regex_max_pos_int=\count171
\l__regex_curr_pos_int=\count172
\l__regex_start_pos_int=\count173
\l__regex_success_pos_int=\count174
\l__regex_curr_char_int=\count175
\l__regex_curr_catcode_int=\count176
\l__regex_last_char_int=\count177
\l__regex_case_changed_char_int=\count178
\l__regex_curr_state_int=\count179
\l__regex_step_int=\count180
\l__regex_min_active_int=\count181
\l__regex_max_active_int=\count182
\l__regex_replacement_csnames_int=\count183
\l__regex_match_count_int=\count184
\l__regex_min_submatch_int=\count185
\l__regex_submatch_int=\count186
\l__regex_zeroth_submatch_int=\count187
\g__regex_trace_regex_int=\count188
\c_empty_box=\box27
\l_tmpa_box=\box28
\l_tmpb_box=\box29
\g_tmpa_box=\box30
\g_tmpb_box=\box31
\l__box_top_dim=\dimen136
\l__box_bottom_dim=\dimen137
\l__box_left_dim=\dimen138
\l__box_right_dim=\dimen139
\l__box_top_new_dim=\dimen140
\l__box_bottom_new_dim=\dimen141
\l__box_left_new_dim=\dimen142
\l__box_right_new_dim=\dimen143
\l__box_internal_box=\box32
\l__coffin_internal_box=\box33
\l__coffin_internal_dim=\dimen144
\l__coffin_offset_x_dim=\dimen145
\l__coffin_offset_y_dim=\dimen146
\l__coffin_x_dim=\dimen147
\l__coffin_y_dim=\dimen148
\l__coffin_x_prime_dim=\dimen149
\l__coffin_y_prime_dim=\dimen150
\c_empty_coffin=\box34
\l__coffin_aligned_coffin=\box35
\l__coffin_aligned_internal_coffin=\box36
\l_tmpa_coffin=\box37
\l_tmpb_coffin=\box38
\g_tmpa_coffin=\box39
\g_tmpb_coffin=\box40
\c__coffin_empty_coffin=\box41
\l__coffin_display_coffin=\box42
\l__coffin_display_coord_coffin=\box43
\l__coffin_display_pole_coffin=\box44
\l__coffin_display_offset_dim=\dimen151
\l__coffin_display_x_dim=\dimen152
\l__coffin_display_y_dim=\dimen153
\g__file_internal_ior=\read1
\l__coffin_bounding_shift_dim=\dimen154
\l__coffin_left_corner_dim=\dimen155
\l__coffin_right_corner_dim=\dimen156
\l__coffin_bottom_corner_dim=\dimen157
\l__coffin_top_corner_dim=\dimen158
\l__coffin_scaled_total_height_dim=\dimen159
\l__coffin_scaled_width_dim=\dimen160
\l__seq_internal_a_int=\count189
\l__seq_internal_b_int=\count190
)
(/usr/share/texmf-dist/tex/latex/l3kernel/l3pdfmode.def
File: l3pdfmode.def 2019-02-15 v L3 Experimental driver: PDF mode
\l__driver_color_stack_int=\count191
))
(/usr/share/texmf-dist/tex/latex/l3packages/xparse/xparse.sty
Package: xparse 2018-10-17 L3 Experimental document command parser
\l__xparse_current_arg_int=\count192
\g__xparse_grabber_int=\count193
\l__xparse_m_args_int=\count194
\l__xparse_mandatory_args_int=\count195
\l__xparse_v_nesting_int=\count196
)
Package: lipsum 2019/01/02 v2.2 150 paragraphs of Lorem Ipsum dummy text

(/usr/share/texmf-dist/tex/latex/lipsum/lipsum.ltd.tex
File: lipsum.ltd.tex 2019/01/02 v2.2 The Lorem ipsum dummy text
))
(/usr/share/texmf-dist/tex/latex/graphics/graphicx.sty
Package: graphicx 2017/06/01 v1.1a Enhanced LaTeX Graphics (DPC,SPQR)

(/usr/share/texmf-dist/tex/latex/graphics/graphics.sty
Package: graphics 2017/06/25 v1.2c Standard LaTeX Graphics (DPC,SPQR)

(/usr/share/texmf-dist/tex/latex/graphics/trig.sty
Package: trig 2016/01/03 v1.10 sin cos tan (DPC)
)
(/usr/share/texmf-dist/tex/latex/graphics-cfg/graphics.cfg
File: graphics.cfg 2016/06/04 v1.11 sample graphics configuration
)
Package graphics Info: Driver file: pdftex.def on input line 99.

(/usr/share/texmf-dist/tex/latex/graphics-def/pdftex.def
File: pdftex.def 2018/01/08 v1.0l Graphics/color driver for pdftex
))
\Gin@req@height=\dimen161
\Gin@req@width=\dimen162
)
(/usr/share/texmf-dist/tex/latex/caption/subcaption.sty
Package: subcaption 2018/05/01 v1.1-162 Sub-captions (AR)

(/usr/share/texmf-dist/tex/latex/caption/caption.sty
Package: caption 2018/10/06 v3.3-154 Customizing captions (AR)

(/usr/share/texmf-dist/tex/latex/caption/caption3.sty
Package: caption3 2018/09/12 v1.8c caption3 kernel (AR)
Package caption3 Info: TeX engine: e-TeX on input line 64.
\captionmargin=\dimen163
\captionmargin@=\dimen164
\captionwidth=\dimen165
\caption@tempdima=\dimen166
\caption@indent=\dimen167
\caption@parindent=\dimen168
\caption@hangindent=\dimen169
)
\c@caption@flags=\count197
\c@ContinuedFloat=\count198
Package caption Info: hyperref package is loaded.
)
\c@subfigure=\count199
\c@subtable=\count266
)
(/usr/share/texmf-dist/tex/latex/float/float.sty
Package: float 2001/11/08 v1.3d Float enhancements (AL)
\c@float@type=\count267
\float@exts=\toks20
\float@box=\box45
\@float@everytoks=\toks21
\@floatcapt=\box46
)
(/usr/share/texmf-dist/tex/latex/bbm-macros/bbm.sty
Package: bbm 1999/03/15 V 1.2 provides fonts for set symbols - TH
LaTeX Font Info:    Overwriting math alphabet `\mathbbm' in version `bold'
(Font)                  U/bbm/m/n --> U/bbm/bx/n on input line 33.
LaTeX Font Info:    Overwriting math alphabet `\mathbbmss' in version `bold'
(Font)                  U/bbmss/m/n --> U/bbmss/bx/n on input line 35.
)
(/usr/share/texmf-dist/tex/latex/amsmath/amsmath.sty
Package: amsmath 2018/12/01 v2.17b AMS math features
\@mathmargin=\skip65

For additional information on amsmath, use the `?' option.
(/usr/share/texmf-dist/tex/latex/amsmath/amstext.sty
Package: amstext 2000/06/29 v2.01 AMS text

(/usr/share/texmf-dist/tex/latex/amsmath/amsgen.sty
File: amsgen.sty 1999/11/30 v2.0 generic functions
\@emptytoks=\toks22
\ex@=\dimen170
))
(/usr/share/texmf-dist/tex/latex/amsmath/amsbsy.sty
Package: amsbsy 1999/11/29 v1.2d Bold Symbols
\pmbraise@=\dimen171
)
(/usr/share/texmf-dist/tex/latex/amsmath/amsopn.sty
Package: amsopn 2016/03/08 v2.02 operator names
)
\inf@bad=\count268
LaTeX Info: Redefining \frac on input line 223.
\uproot@=\count269
\leftroot@=\count270
LaTeX Info: Redefining \overline on input line 385.
\classnum@=\count271
\DOTSCASE@=\count272
LaTeX Info: Redefining \ldots on input line 482.
LaTeX Info: Redefining \dots on input line 485.
LaTeX Info: Redefining \cdots on input line 606.
\Mathstrutbox@=\box47
\strutbox@=\box48
\big@size=\dimen172
LaTeX Font Info:    Redeclaring font encoding OML on input line 729.
LaTeX Font Info:    Redeclaring font encoding OMS on input line 730.
\macc@depth=\count273
\c@MaxMatrixCols=\count274
\dotsspace@=\muskip17
\c@parentequation=\count275
\dspbrk@lvl=\count276
\tag@help=\toks23
\row@=\count277
\column@=\count278
\maxfields@=\count279
\andhelp@=\toks24
\eqnshift@=\dimen173
\alignsep@=\dimen174
\tagshift@=\dimen175
\tagwidth@=\dimen176
\totwidth@=\dimen177
\lineht@=\dimen178
\@envbody=\toks25
\multlinegap=\skip66
\multlinetaggap=\skip67
\mathdisplay@stack=\toks26
LaTeX Info: Redefining \[ on input line 2844.
LaTeX Info: Redefining \] on input line 2845.
)
(/usr/share/texmf-dist/tex/latex/tools/longtable.sty
Package: longtable 2014/10/28 v4.11 Multi-page Table package (DPC)+ FMi change
\LTleft=\skip68
\LTright=\skip69
\LTpre=\skip70
\LTpost=\skip71
\LTchunksize=\count280
\LTcapwidth=\dimen179
\LT@head=\box49
\LT@firsthead=\box50
\LT@foot=\box51
\LT@lastfoot=\box52
\LT@cols=\count281
\LT@rows=\count282
\c@LT@tables=\count283
\c@LT@chunks=\count284
\LT@p@ftn=\toks27
)
(/usr/share/texmf-dist/tex/latex/xcolor/xcolor.sty
Package: xcolor 2016/05/11 v2.12 LaTeX color extensions (UK)

(/usr/share/texmf-dist/tex/latex/graphics-cfg/color.cfg
File: color.cfg 2016/01/02 v1.6 sample color configuration
)
Package xcolor Info: Driver file: pdftex.def on input line 225.
Package xcolor Info: Model `cmy' substituted by `cmy0' on input line 1348.
Package xcolor Info: Model `hsb' substituted by `rgb' on input line 1352.
Package xcolor Info: Model `RGB' extended on input line 1364.
Package xcolor Info: Model `HTML' substituted by `rgb' on input line 1366.
Package xcolor Info: Model `Hsb' substituted by `hsb' on input line 1367.
Package xcolor Info: Model `tHsb' substituted by `hsb' on input line 1368.
Package xcolor Info: Model `HSB' substituted by `hsb' on input line 1369.
Package xcolor Info: Model `Gray' substituted by `gray' on input line 1370.
Package xcolor Info: Model `wave' substituted by `hsb' on input line 1371.
)
(/usr/share/texmf-dist/tex/latex/listings/listings.sty
\lst@mode=\count285
\lst@gtempboxa=\box53
\lst@token=\toks28
\lst@length=\count286
\lst@currlwidth=\dimen180
\lst@column=\count287
\lst@pos=\count288
\lst@lostspace=\dimen181
\lst@width=\dimen182
\lst@newlines=\count289
\lst@lineno=\count290
\lst@maxwidth=\dimen183

(/usr/share/texmf-dist/tex/latex/listings/lstmisc.sty
File: lstmisc.sty 2018/09/02 1.7 (Carsten Heinz)
\c@lstnumber=\count291
\lst@skipnumbers=\count292
\lst@framebox=\box54
)
(/usr/share/texmf-dist/tex/latex/listings/listings.cfg
File: listings.cfg 2018/09/02 1.7 listings configuration
))
Package: listings 2018/09/02 1.7 (Carsten Heinz)
 (./report.aux)
\openout1 = `report.aux'.

LaTeX Font Info:    Checking defaults for OML/cmm/m/it on input line 59.
LaTeX Font Info:    ... okay on input line 59.
LaTeX Font Info:    Checking defaults for T1/cmr/m/n on input line 59.
LaTeX Font Info:    ... okay on input line 59.
LaTeX Font Info:    Checking defaults for OT1/cmr/m/n on input line 59.
LaTeX Font Info:    ... okay on input line 59.
LaTeX Font Info:    Checking defaults for OMS/cmsy/m/n on input line 59.
LaTeX Font Info:    ... okay on input line 59.
LaTeX Font Info:    Checking defaults for OMX/cmex/m/n on input line 59.
LaTeX Font Info:    ... okay on input line 59.
LaTeX Font Info:    Checking defaults for U/cmr/m/n on input line 59.
LaTeX Font Info:    ... okay on input line 59.
LaTeX Font Info:    Checking defaults for PD1/pdf/m/n on input line 59.
LaTeX Font Info:    ... okay on input line 59.
LaTeX Font Info:    Try loading font information for T1+ptm on input line 59.

(/usr/share/texmf-dist/tex/latex/psnfss/t1ptm.fd
File: t1ptm.fd 2001/06/04 font definitions for T1/ptm.
)
*geometry* driver: auto-detecting
*geometry* detected driver: pdftex
*geometry* verbose mode - [ preamble ] result:
* driver: pdftex
* paper: letterpaper
* layout: <same size as paper>
* layoutoffset:(h,v)=(0.0pt,0.0pt)
* modes: 
* h-part:(L,W,R)=(92.14519pt, 430.00462pt, 92.14519pt)
* v-part:(T,H,B)=(95.39737pt, 556.47656pt, 143.09605pt)
* \paperwidth=614.295pt
* \paperheight=794.96999pt
* \textwidth=430.00462pt
* \textheight=556.47656pt
* \oddsidemargin=19.8752pt
* \evensidemargin=19.8752pt
* \topmargin=-13.87262pt
* \headheight=12.0pt
* \headsep=25.0pt
* \topskip=10.0pt
* \footskip=30.0pt
* \marginparwidth=65.0pt
* \marginparsep=11.0pt
* \columnsep=10.0pt
* \skip\footins=9.0pt plus 4.0pt minus 2.0pt
* \hoffset=0.0pt
* \voffset=0.0pt
* \mag=1000
* \@twocolumnfalse
* \@twosidefalse
* \@mparswitchfalse
* \@reversemarginfalse
* (1in=72.27pt=25.4mm, 1cm=28.453pt)

*geometry* verbose mode - [ newgeometry ] result:
* driver: pdftex
* paper: letterpaper
* layout: <same size as paper>
* layoutoffset:(h,v)=(0.0pt,0.0pt)
* modes: 
* h-part:(L,W,R)=(72.27pt, 469.75499pt, 72.27pt)
* v-part:(T,H,B)=(72.26999pt, 650.43pt, 72.27pt)
* \paperwidth=614.295pt
* \paperheight=794.96999pt
* \textwidth=469.75499pt
* \textheight=650.43pt
* \oddsidemargin=0.00002pt
* \evensidemargin=0.00002pt
* \topmargin=-39.0pt
* \headheight=14.0pt
* \headsep=25.0pt
* \topskip=10.0pt
* \footskip=30.0pt
* \marginparwidth=65.0pt
* \marginparsep=11.0pt
* \columnsep=10.0pt
* \skip\footins=9.0pt plus 4.0pt minus 2.0pt
* \hoffset=0.0pt
* \voffset=0.0pt
* \mag=1000
* \@twocolumnfalse
* \@twosidefalse
* \@mparswitchfalse
* \@reversemarginfalse
* (1in=72.27pt=25.4mm, 1cm=28.453pt)

\AtBeginShipoutBox=\box55
Package hyperref Info: Link coloring OFF on input line 59.
(/usr/share/texmf-dist/tex/latex/hyperref/nameref.sty
Package: nameref 2016/05/21 v2.44 Cross-referencing by name of section

(/usr/share/texmf-dist/tex/generic/oberdiek/gettitlestring.sty
Package: gettitlestring 2016/05/16 v1.5 Cleanup title references (HO)
)
\c@section@level=\count293
)
LaTeX Info: Redefining \ref on input line 59.
LaTeX Info: Redefining \pageref on input line 59.
LaTeX Info: Redefining \nameref on input line 59.
 (./report.out) (./report.out)
\@outlinefile=\write3
\openout3 = `report.out'.

LaTeX Info: Redefining \microtypecontext on input line 59.
Package microtype Info: Generating PDF output.
Package microtype Info: Character protrusion enabled (level 2).
Package microtype Info: Using default protrusion set `alltext'.
Package microtype Info: Automatic font expansion enabled (level 2),
(microtype)             stretch: 20, shrink: 20, step: 1, non-selected.
Package microtype Info: Using default expansion set `basictext'.
Package microtype Info: No adjustment of tracking.
Package microtype Info: No adjustment of interword spacing.
Package microtype Info: No adjustment of character kerning.
 (/usr/share/texmf-dist/tex/latex/microtype/mt-ptm.cfg
File: mt-ptm.cfg 2006/04/20 v1.7 microtype config. file: Times (RS)
)
(/usr/share/texmf-dist/tex/context/base/mkii/supp-pdf.mkii
[Loading MPS to PDF converter (version 2006.09.02).]
\scratchcounter=\count294
\scratchdimen=\dimen184
\scratchbox=\box56
\nofMPsegments=\count295
\nofMParguments=\count296
\everyMPshowfont=\toks29
\MPscratchCnt=\count297
\MPscratchDim=\dimen185
\MPnumerator=\count298
\makeMPintoPDFobject=\count299
\everyMPtoPDFconversion=\toks30
) (/usr/share/texmf-dist/tex/latex/oberdiek/epstopdf-base.sty
Package: epstopdf-base 2016/05/15 v2.6 Base part for package epstopdf

(/usr/share/texmf-dist/tex/latex/oberdiek/grfext.sty
Package: grfext 2016/05/16 v1.2 Manage graphics extensions (HO)
)
Package epstopdf-base Info: Redefining graphics rule for `.eps' on input line 4
38.
Package grfext Info: Graphics extension search list:
(grfext)             [.pdf,.png,.jpg,.mps,.jpeg,.jbig2,.jb2,.PDF,.PNG,.JPG,.JPE
G,.JBIG2,.JB2,.eps]
(grfext)             \AppendGraphicsExtensions on input line 456.

(/usr/share/texmf-dist/tex/latex/latexconfig/epstopdf-sys.cfg
File: epstopdf-sys.cfg 2010/07/13 v1.3 Configuration of (r)epstopdf for TeX Liv
e
))
Package caption Info: Begin \AtBeginDocument code.
Package caption Info: float package is loaded.
Package caption Info: listings package is loaded.
Package caption Info: longtable package is loaded.

(/usr/share/texmf-dist/tex/latex/caption/ltcaption.sty
Package: ltcaption 2018/08/26 v1.4-95 longtable captions (AR)
)
Package caption Info: End \AtBeginDocument code.
\c@lstlisting=\count300

(/usr/share/texmf-dist/tex/latex/microtype/mt-cmr.cfg
File: mt-cmr.cfg 2013/05/19 v2.2 microtype config. file: Computer Modern Roman 
(RS)
)
LaTeX Font Info:    Try loading font information for U+msa on input line 61.

(/usr/share/texmf-dist/tex/latex/amsfonts/umsa.fd
File: umsa.fd 2013/01/14 v3.01 AMS symbols A
)
(/usr/share/texmf-dist/tex/latex/microtype/mt-msa.cfg
File: mt-msa.cfg 2006/02/04 v1.1 microtype config. file: AMS symbols (a) (RS)
)
LaTeX Font Info:    Try loading font information for U+msb on input line 61.

(/usr/share/texmf-dist/tex/latex/amsfonts/umsb.fd
File: umsb.fd 2013/01/14 v3.01 AMS symbols B
)
(/usr/share/texmf-dist/tex/latex/microtype/mt-msb.cfg
File: mt-msb.cfg 2005/06/01 v1.0 microtype config. file: AMS symbols (b) (RS)
)
LaTeX Font Info:    Font shape `T1/ptm/bx/n' in size <10> not available
(Font)              Font shape `T1/ptm/b/n' tried instead on input line 61.
LaTeX Font Info:    Try loading font information for T1+cmtt on input line 61.

(/usr/share/texmf-dist/tex/latex/base/t1cmtt.fd
File: t1cmtt.fd 2014/09/29 v2.5h Standard LaTeX font definitions
)
Package microtype Info: Loading generic protrusion settings for font family
(microtype)             `cmtt' (encoding: T1).
(microtype)             For optimal results, create family-specific settings.
(microtype)             See the microtype manual for details.
LaTeX Font Info:    Font shape `T1/ptm/bx/n' in size <12> not available
(Font)              Font shape `T1/ptm/b/n' tried instead on input line 62.
LaTeX Font Info:    Font shape `T1/ptm/bx/sc' in size <12> not available
(Font)              Font shape `T1/ptm/b/sc' tried instead on input line 62.

Underfull \vbox (badness 10000) has occurred while \output is active []

 [1


{/var/lib/texmf/fonts/map/pdftex/updmap/pdftex.map}]
LaTeX Font Info:    Try loading font information for U+bbm on input line 108.

(/usr/share/texmf-dist/tex/latex/bbm-macros/ubbm.fd
File: ubbm.fd 1999/03/15 V 1.2 Font definition for bbm font - TH
) [2]
<env/visualizations/1d.png, id=142, 604.2575pt x 200.75pt>
File: env/visualizations/1d.png Graphic file (type png)
<use env/visualizations/1d.png>
Package pdftex.def Info: env/visualizations/1d.png  used on input line 172.
(pdftex.def)             Requested size: 140.92792pt x 46.81786pt.
<env/visualizations/2d_2reward.png, id=144, 601.24625pt x 601.24625pt>
File: env/visualizations/2d_2reward.png Graphic file (type png)
<use env/visualizations/2d_2reward.png>
Package pdftex.def Info: env/visualizations/2d_2reward.png  used on input line 
182.
(pdftex.def)             Requested size: 140.92792pt x 140.9259pt.
<env/visualizations/2d_1reward.png, id=145, 606.265pt x 604.2575pt>
File: env/visualizations/2d_1reward.png Graphic file (type png)
<use env/visualizations/2d_1reward.png>
Package pdftex.def Info: env/visualizations/2d_1reward.png  used on input line 
188.
(pdftex.def)             Requested size: 140.92792pt x 140.46075pt.
 [3 <./env/visualizations/1d.png>]
Underfull \hbox (badness 10000) in paragraph at lines 224--225

 []

[4 <./env/visualizations/2d_2reward.png> <./env/visualizations/2d_1reward.png>]

Overfull \hbox (39.41504pt too wide) in alignment at lines 235--256
 [] [] [] 
 []


Overfull \hbox (39.41504pt too wide) in alignment at lines 256--275
 [] [] [] 
 []

[5]
Underfull \hbox (badness 10000) in paragraph at lines 278--279

 []


Overfull \hbox (2.1172pt too wide) in alignment at lines 289--306
 [] [] [] 
 []

<discrete/discrete_contour.png, id=184, 462.528pt x 346.896pt>
File: discrete/discrete_contour.png Graphic file (type png)
<use discrete/discrete_contour.png>
Package pdftex.def Info: discrete/discrete_contour.png  used on input line 318.

(pdftex.def)             Requested size: 211.3883pt x 158.54192pt.
<discrete/discrete_arrow.png, id=185, 462.528pt x 346.896pt>
File: discrete/discrete_arrow.png Graphic file (type png)
<use discrete/discrete_arrow.png>
Package pdftex.def Info: discrete/discrete_arrow.png  used on input line 322.
(pdftex.def)             Requested size: 211.3883pt x 158.54192pt.

Underfull \vbox (badness 10000) has occurred while \output is active []

 [6]
<Study_1/buffer/uniform_16.png, id=196, 462.528pt x 346.896pt>
File: Study_1/buffer/uniform_16.png Graphic file (type png)
<use Study_1/buffer/uniform_16.png>
Package pdftex.def Info: Study_1/buffer/uniform_16.png  used on input line 351.

(pdftex.def)             Requested size: 140.92792pt x 105.69461pt.
<Study_1/buffer/uniform_256.png, id=197, 462.528pt x 346.896pt>
File: Study_1/buffer/uniform_256.png Graphic file (type png)
<use Study_1/buffer/uniform_256.png>
Package pdftex.def Info: Study_1/buffer/uniform_256.png  used on input line 355
.
(pdftex.def)             Requested size: 140.92792pt x 105.69461pt.
<Study_1/buffer/uniform_4096.png, id=198, 462.528pt x 346.896pt>
File: Study_1/buffer/uniform_4096.png Graphic file (type png)
<use Study_1/buffer/uniform_4096.png>
Package pdftex.def Info: Study_1/buffer/uniform_4096.png  used on input line 35
9.
(pdftex.def)             Requested size: 140.92792pt x 105.69461pt.

Underfull \vbox (badness 10000) has occurred while \output is active []

 [7 <./discrete/discrete_contour.png> <./discrete/discrete_arrow.png>]
<Study_1/1.1/curves1_1.png, id=211, 462.528pt x 346.896pt>
File: Study_1/1.1/curves1_1.png Graphic file (type png)
<use Study_1/1.1/curves1_1.png>
Package pdftex.def Info: Study_1/1.1/curves1_1.png  used on input line 380.
(pdftex.def)             Requested size: 211.3883pt x 158.54192pt.
<Study_1/1.1/total_scores1_1.png, id=212, 462.528pt x 346.896pt>
File: Study_1/1.1/total_scores1_1.png Graphic file (type png)
<use Study_1/1.1/total_scores1_1.png>
Package pdftex.def Info: Study_1/1.1/total_scores1_1.png  used on input line 38
4.
(pdftex.def)             Requested size: 211.3883pt x 158.54192pt.
<Study_1/policy/Pi_arrow_65536.png, id=215, 462.528pt x 346.896pt>
File: Study_1/policy/Pi_arrow_65536.png Graphic file (type png)
<use Study_1/policy/Pi_arrow_65536.png>
Package pdftex.def Info: Study_1/policy/Pi_arrow_65536.png  used on input line 
396.
(pdftex.def)             Requested size: 211.3883pt x 158.54192pt.
<Study_1/policy/Q_contour_65536.png, id=216, 462.528pt x 346.896pt>
File: Study_1/policy/Q_contour_65536.png Graphic file (type png)
<use Study_1/policy/Q_contour_65536.png>
Package pdftex.def Info: Study_1/policy/Q_contour_65536.png  used on input line
 400.
(pdftex.def)             Requested size: 211.3883pt x 158.54192pt.
 [8 <./Study_1/buffer/uniform_16.png> <./Study_1/buffer/uniform_256.png> <./Stu
dy_1/buffer/uniform_4096.png> <./Study_1/1.1/curves1_1.png> <./Study_1/1.1/tota
l_scores1_1.png>]
<Study_1/buffer/sequential_16.png, id=231, 462.528pt x 346.896pt>
File: Study_1/buffer/sequential_16.png Graphic file (type png)
<use Study_1/buffer/sequential_16.png>
Package pdftex.def Info: Study_1/buffer/sequential_16.png  used on input line 4
27.
(pdftex.def)             Requested size: 140.92792pt x 105.69461pt.
<Study_1/buffer/sequential_256.png, id=232, 462.528pt x 346.896pt>
File: Study_1/buffer/sequential_256.png Graphic file (type png)
<use Study_1/buffer/sequential_256.png>
Package pdftex.def Info: Study_1/buffer/sequential_256.png  used on input line 
431.
(pdftex.def)             Requested size: 140.92792pt x 105.69461pt.
<Study_1/buffer/sequential_4096.png, id=233, 462.528pt x 346.896pt>
File: Study_1/buffer/sequential_4096.png Graphic file (type png)
<use Study_1/buffer/sequential_4096.png>
Package pdftex.def Info: Study_1/buffer/sequential_4096.png  used on input line
 435.
(pdftex.def)             Requested size: 140.92792pt x 105.69461pt.

Underfull \vbox (badness 10000) has occurred while \output is active []

 [9 <./Study_1/policy/Pi_arrow_65536.png> <./Study_1/policy/Q_contour_65536.png
>]
<Study_1/1.2/curves1_2.png, id=242, 462.528pt x 346.896pt>
File: Study_1/1.2/curves1_2.png Graphic file (type png)
<use Study_1/1.2/curves1_2.png>
Package pdftex.def Info: Study_1/1.2/curves1_2.png  used on input line 447.
(pdftex.def)             Requested size: 211.3883pt x 158.54192pt.
<Study_1/1.2/total_scores1_2.png, id=243, 462.528pt x 346.896pt>
File: Study_1/1.2/total_scores1_2.png Graphic file (type png)
<use Study_1/1.2/total_scores1_2.png>
Package pdftex.def Info: Study_1/1.2/total_scores1_2.png  used on input line 45
1.
(pdftex.def)             Requested size: 211.3883pt x 158.54192pt.
<Study_2/visualizations/uniform.png, id=246, 462.528pt x 346.896pt>
File: Study_2/visualizations/uniform.png Graphic file (type png)
<use Study_2/visualizations/uniform.png>
Package pdftex.def Info: Study_2/visualizations/uniform.png  used on input line
 472.
(pdftex.def)             Requested size: 140.92792pt x 105.69461pt.
<Study_2/2.1/visualizations/uniform-center.png, id=247, 462.528pt x 346.896pt>
File: Study_2/2.1/visualizations/uniform-center.png Graphic file (type png)
<use Study_2/2.1/visualizations/uniform-center.png>
Package pdftex.def Info: Study_2/2.1/visualizations/uniform-center.png  used on
 input line 476.
(pdftex.def)             Requested size: 140.92792pt x 105.69461pt.
<Study_2/2.3/visualizations/uniform-corner.png, id=248, 462.528pt x 346.896pt>
File: Study_2/2.3/visualizations/uniform-corner.png Graphic file (type png)
<use Study_2/2.3/visualizations/uniform-corner.png>
Package pdftex.def Info: Study_2/2.3/visualizations/uniform-corner.png  used on
 input line 480.
(pdftex.def)             Requested size: 140.92792pt x 105.69461pt.
<Study_2/visualizations/sequential.png, id=249, 462.528pt x 346.896pt>
File: Study_2/visualizations/sequential.png Graphic file (type png)
<use Study_2/visualizations/sequential.png>
Package pdftex.def Info: Study_2/visualizations/sequential.png  used on input l
ine 484.
(pdftex.def)             Requested size: 140.92792pt x 105.69461pt.
<Study_2/2.2/visualizations/sequential-center.png, id=250, 462.528pt x 346.896p
t>
File: Study_2/2.2/visualizations/sequential-center.png Graphic file (type png)
<use Study_2/2.2/visualizations/sequential-center.png>
Package pdftex.def Info: Study_2/2.2/visualizations/sequential-center.png  used
 on input line 488.
(pdftex.def)             Requested size: 140.92792pt x 105.69461pt.
<Study_2/2.4/visualizations/sequential-corner.png, id=251, 462.528pt x 346.896p
t>
File: Study_2/2.4/visualizations/sequential-corner.png Graphic file (type png)
<use Study_2/2.4/visualizations/sequential-corner.png>
Package pdftex.def Info: Study_2/2.4/visualizations/sequential-corner.png  used
 on input line 492.
(pdftex.def)             Requested size: 140.92792pt x 105.69461pt.
 [10 <./Study_1/buffer/sequential_16.png> <./Study_1/buffer/sequential_256.png>
 <./Study_1/buffer/sequential_4096.png> <./Study_1/1.2/curves1_2.png> <./Study_
1/1.2/total_scores1_2.png>]
<Study_2/2.1/visualizations/scores_filter_size.png, id=265, 462.528pt x 346.896
pt>
File: Study_2/2.1/visualizations/scores_filter_size.png Graphic file (type png)

<use Study_2/2.1/visualizations/scores_filter_size.png>
Package pdftex.def Info: Study_2/2.1/visualizations/scores_filter_size.png  use
d on input line 533.
(pdftex.def)             Requested size: 187.89912pt x 140.92615pt.
<Study_2/2.1/visualizations/total_scores.png, id=266, 462.528pt x 346.896pt>
File: Study_2/2.1/visualizations/total_scores.png Graphic file (type png)
<use Study_2/2.1/visualizations/total_scores.png>
Package pdftex.def Info: Study_2/2.1/visualizations/total_scores.png  used on i
nput line 537.
(pdftex.def)             Requested size: 187.89912pt x 140.92615pt.
 [11 <./Study_2/visualizations/uniform.png> <./Study_2/2.1/visualizations/unifo
rm-center.png> <./Study_2/2.3/visualizations/uniform-corner.png> <./Study_2/vis
ualizations/sequential.png> <./Study_2/2.2/visualizations/sequential-center.png
> <./Study_2/2.4/visualizations/sequential-corner.png>]
<Study_2/2.1/visualizations/Q_contour_0_4.png, id=280, 462.528pt x 346.896pt>
File: Study_2/2.1/visualizations/Q_contour_0_4.png Graphic file (type png)
<use Study_2/2.1/visualizations/Q_contour_0_4.png>
Package pdftex.def Info: Study_2/2.1/visualizations/Q_contour_0_4.png  used on 
input line 549.
(pdftex.def)             Requested size: 140.92792pt x 105.69461pt.
<Study_2/2.1/visualizations/Q_contour_0_8.png, id=281, 462.528pt x 346.896pt>
File: Study_2/2.1/visualizations/Q_contour_0_8.png Graphic file (type png)
<use Study_2/2.1/visualizations/Q_contour_0_8.png>
Package pdftex.def Info: Study_2/2.1/visualizations/Q_contour_0_8.png  used on 
input line 553.
(pdftex.def)             Requested size: 140.92792pt x 105.69461pt.
<Study_2/2.1/visualizations/Q_contour_1_2.png, id=282, 462.528pt x 346.896pt>
File: Study_2/2.1/visualizations/Q_contour_1_2.png Graphic file (type png)
<use Study_2/2.1/visualizations/Q_contour_1_2.png>
Package pdftex.def Info: Study_2/2.1/visualizations/Q_contour_1_2.png  used on 
input line 557.
(pdftex.def)             Requested size: 140.92792pt x 105.69461pt.
<Study_2/2.2/visualizations/scores_filter_size.png, id=285, 462.528pt x 346.896
pt>
File: Study_2/2.2/visualizations/scores_filter_size.png Graphic file (type png)

<use Study_2/2.2/visualizations/scores_filter_size.png>
Package pdftex.def Info: Study_2/2.2/visualizations/scores_filter_size.png  use
d on input line 587.
(pdftex.def)             Requested size: 187.89912pt x 140.92615pt.
<Study_2/2.2/visualizations/total_scores.png, id=286, 462.528pt x 346.896pt>
File: Study_2/2.2/visualizations/total_scores.png Graphic file (type png)
<use Study_2/2.2/visualizations/total_scores.png>
Package pdftex.def Info: Study_2/2.2/visualizations/total_scores.png  used on i
nput line 591.
(pdftex.def)             Requested size: 187.89912pt x 140.92615pt.

[12 <./Study_2/2.1/visualizations/scores_filter_size.png> <./Study_2/2.1/visual
izations/total_scores.png> <./Study_2/2.1/visualizations/Q_contour_0_4.png> <./
Study_2/2.1/visualizations/Q_contour_0_8.png> <./Study_2/2.1/visualizations/Q_c
ontour_1_2.png>]
<Study_2/2.2/visualizations/Q_contour_0_4.png, id=299, 462.528pt x 346.896pt>
File: Study_2/2.2/visualizations/Q_contour_0_4.png Graphic file (type png)
<use Study_2/2.2/visualizations/Q_contour_0_4.png>
Package pdftex.def Info: Study_2/2.2/visualizations/Q_contour_0_4.png  used on 
input line 603.
(pdftex.def)             Requested size: 140.92792pt x 105.69461pt.
<Study_2/2.2/visualizations/Q_contour_0_8.png, id=300, 462.528pt x 346.896pt>
File: Study_2/2.2/visualizations/Q_contour_0_8.png Graphic file (type png)
<use Study_2/2.2/visualizations/Q_contour_0_8.png>
Package pdftex.def Info: Study_2/2.2/visualizations/Q_contour_0_8.png  used on 
input line 607.
(pdftex.def)             Requested size: 140.92792pt x 105.69461pt.
<Study_2/2.2/visualizations/Q_contour_1_2.png, id=301, 462.528pt x 346.896pt>
File: Study_2/2.2/visualizations/Q_contour_1_2.png Graphic file (type png)
<use Study_2/2.2/visualizations/Q_contour_1_2.png>
Package pdftex.def Info: Study_2/2.2/visualizations/Q_contour_1_2.png  used on 
input line 611.
(pdftex.def)             Requested size: 140.92792pt x 105.69461pt.
<Study_2/2.3/visualizations/scores_filter_size.png, id=303, 462.528pt x 346.896
pt>
File: Study_2/2.3/visualizations/scores_filter_size.png Graphic file (type png)

<use Study_2/2.3/visualizations/scores_filter_size.png>
Package pdftex.def Info: Study_2/2.3/visualizations/scores_filter_size.png  use
d on input line 638.
(pdftex.def)             Requested size: 187.89912pt x 140.92615pt.
<Study_2/2.3/visualizations/total_scores.png, id=304, 462.528pt x 346.896pt>
File: Study_2/2.3/visualizations/total_scores.png Graphic file (type png)
<use Study_2/2.3/visualizations/total_scores.png>
Package pdftex.def Info: Study_2/2.3/visualizations/total_scores.png  used on i
nput line 642.
(pdftex.def)             Requested size: 187.89912pt x 140.92615pt.

Underfull \vbox (badness 1259) has occurred while \output is active []

 [13 <./Study_2/2.2/visualizations/scores_filter_size.png> <./Study_2/2.2/visua
lizations/total_scores.png> <./Study_2/2.2/visualizations/Q_contour_0_4.png> <.
/Study_2/2.2/visualizations/Q_contour_0_8.png> <./Study_2/2.2/visualizations/Q_
contour_1_2.png>]
<Study_2/2.3/visualizations/Q_contour_0_4.png, id=318, 462.528pt x 346.896pt>
File: Study_2/2.3/visualizations/Q_contour_0_4.png Graphic file (type png)
<use Study_2/2.3/visualizations/Q_contour_0_4.png>
Package pdftex.def Info: Study_2/2.3/visualizations/Q_contour_0_4.png  used on 
input line 654.
(pdftex.def)             Requested size: 140.92792pt x 105.69461pt.
<Study_2/2.3/visualizations/Q_contour_0_8.png, id=319, 462.528pt x 346.896pt>
File: Study_2/2.3/visualizations/Q_contour_0_8.png Graphic file (type png)
<use Study_2/2.3/visualizations/Q_contour_0_8.png>
Package pdftex.def Info: Study_2/2.3/visualizations/Q_contour_0_8.png  used on 
input line 658.
(pdftex.def)             Requested size: 140.92792pt x 105.69461pt.
<Study_2/2.3/visualizations/Q_contour_1_2.png, id=320, 462.528pt x 346.896pt>
File: Study_2/2.3/visualizations/Q_contour_1_2.png Graphic file (type png)
<use Study_2/2.3/visualizations/Q_contour_1_2.png>
Package pdftex.def Info: Study_2/2.3/visualizations/Q_contour_1_2.png  used on 
input line 662.
(pdftex.def)             Requested size: 140.92792pt x 105.69461pt.
<Study_2/2.3/visualizations/Q_contour_1_6.png, id=321, 462.528pt x 346.896pt>
File: Study_2/2.3/visualizations/Q_contour_1_6.png Graphic file (type png)
<use Study_2/2.3/visualizations/Q_contour_1_6.png>
Package pdftex.def Info: Study_2/2.3/visualizations/Q_contour_1_6.png  used on 
input line 666.
(pdftex.def)             Requested size: 140.92792pt x 105.69461pt.
<Study_2/2.3/visualizations/Q_contour_2_0.png, id=322, 462.528pt x 346.896pt>
File: Study_2/2.3/visualizations/Q_contour_2_0.png Graphic file (type png)
<use Study_2/2.3/visualizations/Q_contour_2_0.png>
Package pdftex.def Info: Study_2/2.3/visualizations/Q_contour_2_0.png  used on 
input line 670.
(pdftex.def)             Requested size: 140.92792pt x 105.69461pt.
<Study_2/2.3/visualizations/Q_contour_2_2.png, id=323, 462.528pt x 346.896pt>
File: Study_2/2.3/visualizations/Q_contour_2_2.png Graphic file (type png)
<use Study_2/2.3/visualizations/Q_contour_2_2.png>
Package pdftex.def Info: Study_2/2.3/visualizations/Q_contour_2_2.png  used on 
input line 674.
(pdftex.def)             Requested size: 140.92792pt x 105.69461pt.
<Study_2/2.3/visualizations/Pi_arrow_2_0.png, id=325, 462.528pt x 346.896pt>
File: Study_2/2.3/visualizations/Pi_arrow_2_0.png Graphic file (type png)
<use Study_2/2.3/visualizations/Pi_arrow_2_0.png>
Package pdftex.def Info: Study_2/2.3/visualizations/Pi_arrow_2_0.png  used on i
nput line 691.
(pdftex.def)             Requested size: 164.4171pt x 123.31567pt.
<Study_2/2.3/visualizations/Pi_arrow_2_2.png, id=326, 462.528pt x 346.896pt>
File: Study_2/2.3/visualizations/Pi_arrow_2_2.png Graphic file (type png)
<use Study_2/2.3/visualizations/Pi_arrow_2_2.png>
Package pdftex.def Info: Study_2/2.3/visualizations/Pi_arrow_2_2.png  used on i
nput line 696.
(pdftex.def)             Requested size: 164.4171pt x 123.31567pt.

Underfull \vbox (badness 10000) has occurred while \output is active []

 [14 <./Study_2/2.3/visualizations/scores_filter_size.png> <./Study_2/2.3/visua
lizations/total_scores.png> <./Study_2/2.3/visualizations/Q_contour_0_4.png> <.
/Study_2/2.3/visualizations/Q_contour_0_8.png> <./Study_2/2.3/visualizations/Q_
contour_1_2.png> <./Study_2/2.3/visualizations/Q_contour_1_6.png> <./Study_2/2.
3/visualizations/Q_contour_2_0.png> <./Study_2/2.3/visualizations/Q_contour_2_2
.png>]
<Study_2/2.4/visualizations/scores_filter_size.png, id=342, 462.528pt x 346.896
pt>
File: Study_2/2.4/visualizations/scores_filter_size.png Graphic file (type png)

<use Study_2/2.4/visualizations/scores_filter_size.png>
Package pdftex.def Info: Study_2/2.4/visualizations/scores_filter_size.png  use
d on input line 726.
(pdftex.def)             Requested size: 187.89912pt x 140.92615pt.
<Study_2/2.4/visualizations/total_scores.png, id=343, 462.528pt x 346.896pt>
File: Study_2/2.4/visualizations/total_scores.png Graphic file (type png)
<use Study_2/2.4/visualizations/total_scores.png>
Package pdftex.def Info: Study_2/2.4/visualizations/total_scores.png  used on i
nput line 730.
(pdftex.def)             Requested size: 187.89912pt x 140.92615pt.
<Study_2/2.4/visualizations/Q_contour_0_4.png, id=345, 462.528pt x 346.896pt>
File: Study_2/2.4/visualizations/Q_contour_0_4.png Graphic file (type png)
<use Study_2/2.4/visualizations/Q_contour_0_4.png>
Package pdftex.def Info: Study_2/2.4/visualizations/Q_contour_0_4.png  used on 
input line 742.
(pdftex.def)             Requested size: 140.92792pt x 105.69461pt.
<Study_2/2.4/visualizations/Q_contour_0_8.png, id=346, 462.528pt x 346.896pt>
File: Study_2/2.4/visualizations/Q_contour_0_8.png Graphic file (type png)
<use Study_2/2.4/visualizations/Q_contour_0_8.png>
Package pdftex.def Info: Study_2/2.4/visualizations/Q_contour_0_8.png  used on 
input line 746.
(pdftex.def)             Requested size: 140.92792pt x 105.69461pt.
<Study_2/2.4/visualizations/Q_contour_1_2.png, id=347, 462.528pt x 346.896pt>
File: Study_2/2.4/visualizations/Q_contour_1_2.png Graphic file (type png)
<use Study_2/2.4/visualizations/Q_contour_1_2.png>
Package pdftex.def Info: Study_2/2.4/visualizations/Q_contour_1_2.png  used on 
input line 750.
(pdftex.def)             Requested size: 140.92792pt x 105.69461pt.
<Study_2/2.4/visualizations/Q_contour_1_6.png, id=348, 462.528pt x 346.896pt>
File: Study_2/2.4/visualizations/Q_contour_1_6.png Graphic file (type png)
<use Study_2/2.4/visualizations/Q_contour_1_6.png>
Package pdftex.def Info: Study_2/2.4/visualizations/Q_contour_1_6.png  used on 
input line 754.
(pdftex.def)             Requested size: 140.92792pt x 105.69461pt.
<Study_2/2.4/visualizations/Q_contour_2_0.png, id=349, 462.528pt x 346.896pt>
File: Study_2/2.4/visualizations/Q_contour_2_0.png Graphic file (type png)
<use Study_2/2.4/visualizations/Q_contour_2_0.png>
Package pdftex.def Info: Study_2/2.4/visualizations/Q_contour_2_0.png  used on 
input line 758.
(pdftex.def)             Requested size: 140.92792pt x 105.69461pt.
<Study_2/2.4/visualizations/Q_contour_2_2.png, id=350, 462.528pt x 346.896pt>
File: Study_2/2.4/visualizations/Q_contour_2_2.png Graphic file (type png)
<use Study_2/2.4/visualizations/Q_contour_2_2.png>
Package pdftex.def Info: Study_2/2.4/visualizations/Q_contour_2_2.png  used on 
input line 762.
(pdftex.def)             Requested size: 140.92792pt x 105.69461pt.

[15 <./Study_2/2.3/visualizations/Pi_arrow_2_0.png> <./Study_2/2.3/visualizatio
ns/Pi_arrow_2_2.png> <./Study_2/2.4/visualizations/scores_filter_size.png> <./S
tudy_2/2.4/visualizations/total_scores.png>]
<Study_2/2.4/visualizations/Pi_arrow_1_6.png, id=362, 462.528pt x 346.896pt>
File: Study_2/2.4/visualizations/Pi_arrow_1_6.png Graphic file (type png)
<use Study_2/2.4/visualizations/Pi_arrow_1_6.png>
Package pdftex.def Info: Study_2/2.4/visualizations/Pi_arrow_1_6.png  used on i
nput line 774.
(pdftex.def)             Requested size: 140.92792pt x 105.69461pt.
<Study_2/2.4/visualizations/Pi_arrow_2_0.png, id=363, 462.528pt x 346.896pt>
File: Study_2/2.4/visualizations/Pi_arrow_2_0.png Graphic file (type png)
<use Study_2/2.4/visualizations/Pi_arrow_2_0.png>
Package pdftex.def Info: Study_2/2.4/visualizations/Pi_arrow_2_0.png  used on i
nput line 778.
(pdftex.def)             Requested size: 140.92792pt x 105.69461pt.
<Study_2/2.4/visualizations/Pi_arrow_2_2.png, id=364, 462.528pt x 346.896pt>
File: Study_2/2.4/visualizations/Pi_arrow_2_2.png Graphic file (type png)
<use Study_2/2.4/visualizations/Pi_arrow_2_2.png>
Package pdftex.def Info: Study_2/2.4/visualizations/Pi_arrow_2_2.png  used on i
nput line 782.
(pdftex.def)             Requested size: 140.92792pt x 105.69461pt.
 [16 <./Study_2/2.4/visualizations/Q_contour_0_4.png> <./Study_2/2.4/visualizat
ions/Q_contour_0_8.png> <./Study_2/2.4/visualizations/Q_contour_1_2.png> <./Stu
dy_2/2.4/visualizations/Q_contour_1_6.png> <./Study_2/2.4/visualizations/Q_cont
our_2_0.png> <./Study_2/2.4/visualizations/Q_contour_2_2.png> <./Study_2/2.4/vi
sualizations/Pi_arrow_1_6.png> <./Study_2/2.4/visualizations/Pi_arrow_2_0.png> 
<./Study_2/2.4/visualizations/Pi_arrow_2_2.png>]
<Study_3/half_norm/scores_dimensions.png, id=385, 462.528pt x 346.896pt>
File: Study_3/half_norm/scores_dimensions.png Graphic file (type png)
<use Study_3/half_norm/scores_dimensions.png>
Package pdftex.def Info: Study_3/half_norm/scores_dimensions.png  used on input
 line 813.
(pdftex.def)             Requested size: 211.3883pt x 158.54192pt.
<Study_3/half_norm/total_scores.png, id=386, 462.528pt x 346.896pt>
File: Study_3/half_norm/total_scores.png Graphic file (type png)
<use Study_3/half_norm/total_scores.png>
Package pdftex.def Info: Study_3/half_norm/total_scores.png  used on input line
 817.
(pdftex.def)             Requested size: 211.3883pt x 158.54192pt.
 [17 <./Study_3/half_norm/scores_dimensions.png> <./Study_3/half_norm/total_sco
res.png>]
<Study_3/half_reset_norm/scores_dimensions.png, id=397, 462.528pt x 346.896pt>
File: Study_3/half_reset_norm/scores_dimensions.png Graphic file (type png)
<use Study_3/half_reset_norm/scores_dimensions.png>
Package pdftex.def Info: Study_3/half_reset_norm/scores_dimensions.png  used on
 input line 845.
(pdftex.def)             Requested size: 211.3883pt x 158.54192pt.
<Study_3/half_reset_norm/total_scores.png, id=398, 462.528pt x 346.896pt>
File: Study_3/half_reset_norm/total_scores.png Graphic file (type png)
<use Study_3/half_reset_norm/total_scores.png>
Package pdftex.def Info: Study_3/half_reset_norm/total_scores.png  used on inpu
t line 849.
(pdftex.def)             Requested size: 220.78542pt x 165.59245pt.
<Study_3/half_reset_indept/scores_dimensions.png, id=400, 462.528pt x 346.896pt
>
File: Study_3/half_reset_indept/scores_dimensions.png Graphic file (type png)
<use Study_3/half_reset_indept/scores_dimensions.png>
Package pdftex.def Info: Study_3/half_reset_indept/scores_dimensions.png  used 
on input line 877.
(pdftex.def)             Requested size: 211.3883pt x 158.54192pt.
<Study_3/half_reset_indept/total_scores.png, id=401, 462.528pt x 346.896pt>
File: Study_3/half_reset_indept/total_scores.png Graphic file (type png)
<use Study_3/half_reset_indept/total_scores.png>
Package pdftex.def Info: Study_3/half_reset_indept/total_scores.png  used on in
put line 881.
(pdftex.def)             Requested size: 220.78542pt x 165.59245pt.
 [18 <./Study_3/half_reset_norm/scores_dimensions.png> <./Study_3/half_reset_no
rm/total_scores.png>]
<Study_3/half_convergence_reset_indept/convergences.png, id=410, 462.528pt x 34
6.896pt>
File: Study_3/half_convergence_reset_indept/convergences.png Graphic file (type
 png)
<use Study_3/half_convergence_reset_indept/convergences.png>
Package pdftex.def Info: Study_3/half_convergence_reset_indept/convergences.png
  used on input line 894.
(pdftex.def)             Requested size: 234.87749pt x 176.15768pt.

Underfull \vbox (badness 10000) has occurred while \output is active []

 [19 <./Study_3/half_reset_indept/scores_dimensions.png> <./Study_3/half_reset_
indept/total_scores.png> <./Study_3/half_convergence_reset_indept/convergences.
png>]
<Study_3/one_reset_indept/scores_dimensions.png, id=424, 462.528pt x 346.896pt>

File: Study_3/one_reset_indept/scores_dimensions.png Graphic file (type png)
<use Study_3/one_reset_indept/scores_dimensions.png>
Package pdftex.def Info: Study_3/one_reset_indept/scores_dimensions.png  used o
n input line 923.
(pdftex.def)             Requested size: 211.3883pt x 158.54192pt.
<Study_3/one_reset_indept/total_scores.png, id=425, 462.528pt x 346.896pt>
File: Study_3/one_reset_indept/total_scores.png Graphic file (type png)
<use Study_3/one_reset_indept/total_scores.png>
Package pdftex.def Info: Study_3/one_reset_indept/total_scores.png  used on inp
ut line 927.
(pdftex.def)             Requested size: 220.78542pt x 165.59245pt.

[20 <./Study_3/one_reset_indept/scores_dimensions.png> <./Study_3/one_reset_ind
ept/total_scores.png>] (./report.bbl [21])
Package atveryend Info: Empty hook `BeforeClearDocument' on input line 972.
 [22]
Package atveryend Info: Empty hook `AfterLastShipout' on input line 972.
 (./report.aux)
Package atveryend Info: Executing hook `AtVeryEndDocument' on input line 972.
Package atveryend Info: Executing hook `AtEndAfterFileList' on input line 972.
Package rerunfilecheck Info: File `report.out' has not changed.
(rerunfilecheck)             Checksum: BF6221F562309CAD5A27AC57D0A645BE;2299.
Package atveryend Info: Empty hook `AtVeryVeryEnd' on input line 972.
 ) 
Here is how much of TeX's memory you used:
 21797 strings out of 492616
 380140 string characters out of 6135178
 572427 words of memory out of 5000000
 25207 multiletter control sequences out of 15000+600000
 574069 words of font info for 162 fonts, out of 8000000 for 9000
 1141 hyphenation exceptions out of 8191
 42i,12n,63p,1137b,1227s stack positions out of 5000i,500n,10000p,200000b,80000s
{/usr/share/texmf-dist/fonts/enc/dvips/base/8r.enc} </home/schott97l/.texlive
/texmf-var/fonts/pk/ljfour/public/bbm/bbm10.600pk>{/usr/share/texmf-dist/fonts/
enc/dvips/cm-super/cm-super-t1.enc}</usr/share/texmf-dist/fonts/type1/public/am
sfonts/cm/cmex10.pfb></usr/share/texmf-dist/fonts/type1/public/amsfonts/cm/cmmi
10.pfb></usr/share/texmf-dist/fonts/type1/public/amsfonts/cm/cmmi7.pfb></usr/sh
are/texmf-dist/fonts/type1/public/amsfonts/cm/cmmi9.pfb></usr/share/texmf-dist/
fonts/type1/public/amsfonts/cm/cmr10.pfb></usr/share/texmf-dist/fonts/type1/pub
lic/amsfonts/cm/cmr7.pfb></usr/share/texmf-dist/fonts/type1/public/amsfonts/cm/
cmr9.pfb></usr/share/texmf-dist/fonts/type1/public/amsfonts/cm/cmsy10.pfb></usr
/share/texmf-dist/fonts/type1/public/amsfonts/cm/cmsy7.pfb></usr/share/texmf-di
st/fonts/type1/public/cm-super/sftt1000.pfb></usr/share/texmf-dist/fonts/type1/
urw/times/utmb8a.pfb></usr/share/texmf-dist/fonts/type1/urw/times/utmr8a.pfb></
usr/share/texmf-dist/fonts/type1/urw/times/utmri8a.pfb>
Output written on report.pdf (22 pages, 2513546 bytes).
PDF statistics:
 525 PDF objects out of 1000 (max. 8388607)
 356 compressed objects within 4 object streams
 101 named destinations out of 1000 (max. 500000)
 24092 words of extra memory for PDF output out of 24883 (max. 10000000)

